{
  "uid" : "d5b1ea34afb7b44a",
  "name" : "test_modify_data",
  "fullName" : "test.test_conduit_krf.TestConduit#test_modify_data",
  "historyId" : "92877447636dd7b4ade4940c1a9abae3",
  "time" : {
    "start" : 1628880837815,
    "stop" : 1628880850572,
    "duration" : 12757
  },
  "status" : "broken",
  "statusMessage" : "selenium.common.exceptions.TimeoutException: Message:",
  "statusTrace" : "self = <test_conduit_krf.TestConduit object at 0x7f32ffc22070>\n\n    def test_modify_data(self):\n        accept_cookies(self.browser)\n    \n        login(self.browser, user_login)\n    \n        add_new_article(self.browser, input_data_modify)\n        title_list = []\n        title_list.append(title)\n    \n>       WebDriverWait(self.browser, 5).until(\n            EC.visibility_of_element_located((By.XPATH, '//*[@href=\"#/@a/\"]'))\n        ).click()\n\ntest/test_conduit_krf.py:222: \n_ _ _ _ _ _ _ _ _ _ _ _ _ _ _ _ _ _ _ _ _ _ _ _ _ _ _ _ _ _ _ _ _ _ _ _ _ _ _ _ \n\nself = <selenium.webdriver.support.wait.WebDriverWait (session=\"3b6bdbdfa88725d83f987d715dac2670\")>\nmethod = <selenium.webdriver.support.expected_conditions.visibility_of_element_located object at 0x7f32ffc2f220>\nmessage = ''\n\n    def until(self, method, message=''):\n        \"\"\"Calls the method provided with the driver as an argument until the \\\n        return value is not False.\"\"\"\n        screen = None\n        stacktrace = None\n    \n        end_time = time.time() + self._timeout\n        while True:\n            try:\n                value = method(self._driver)\n                if value:\n                    return value\n            except self._ignored_exceptions as exc:\n                screen = getattr(exc, 'screen', None)\n                stacktrace = getattr(exc, 'stacktrace', None)\n            time.sleep(self._poll)\n            if time.time() > end_time:\n                break\n>       raise TimeoutException(message, screen, stacktrace)\nE       selenium.common.exceptions.TimeoutException: Message:\n\n../../../.local/lib/python3.8/site-packages/selenium/webdriver/support/wait.py:80: TimeoutException",
  "flaky" : false,
  "newFailed" : false,
  "beforeStages" : [ ],
  "testStage" : {
    "status" : "broken",
    "statusMessage" : "selenium.common.exceptions.TimeoutException: Message:",
    "statusTrace" : "self = <test_conduit_krf.TestConduit object at 0x7f32ffc22070>\n\n    def test_modify_data(self):\n        accept_cookies(self.browser)\n    \n        login(self.browser, user_login)\n    \n        add_new_article(self.browser, input_data_modify)\n        title_list = []\n        title_list.append(title)\n    \n>       WebDriverWait(self.browser, 5).until(\n            EC.visibility_of_element_located((By.XPATH, '//*[@href=\"#/@a/\"]'))\n        ).click()\n\ntest/test_conduit_krf.py:222: \n_ _ _ _ _ _ _ _ _ _ _ _ _ _ _ _ _ _ _ _ _ _ _ _ _ _ _ _ _ _ _ _ _ _ _ _ _ _ _ _ \n\nself = <selenium.webdriver.support.wait.WebDriverWait (session=\"3b6bdbdfa88725d83f987d715dac2670\")>\nmethod = <selenium.webdriver.support.expected_conditions.visibility_of_element_located object at 0x7f32ffc2f220>\nmessage = ''\n\n    def until(self, method, message=''):\n        \"\"\"Calls the method provided with the driver as an argument until the \\\n        return value is not False.\"\"\"\n        screen = None\n        stacktrace = None\n    \n        end_time = time.time() + self._timeout\n        while True:\n            try:\n                value = method(self._driver)\n                if value:\n                    return value\n            except self._ignored_exceptions as exc:\n                screen = getattr(exc, 'screen', None)\n                stacktrace = getattr(exc, 'stacktrace', None)\n            time.sleep(self._poll)\n            if time.time() > end_time:\n                break\n>       raise TimeoutException(message, screen, stacktrace)\nE       selenium.common.exceptions.TimeoutException: Message:\n\n../../../.local/lib/python3.8/site-packages/selenium/webdriver/support/wait.py:80: TimeoutException",
    "steps" : [ ],
    "attachments" : [ {
      "uid" : "6ff50b04add8eb14",
      "name" : "log",
      "source" : "6ff50b04add8eb14.txt",
      "type" : "text/plain",
      "size" : 344
    }, {
      "uid" : "df60539be6b9f58c",
      "name" : "stderr",
      "source" : "df60539be6b9f58c.txt",
      "type" : "text/plain",
      "size" : 215
    } ],
    "parameters" : [ ],
    "stepsCount" : 0,
    "attachmentsCount" : 2,
    "shouldDisplayMessage" : true,
    "hasContent" : true
  },
  "afterStages" : [ ],
  "labels" : [ {
    "name" : "parentSuite",
    "value" : "test"
  }, {
    "name" : "suite",
    "value" : "test_conduit_krf"
  }, {
    "name" : "subSuite",
    "value" : "TestConduit"
  }, {
    "name" : "host",
    "value" : "fv-az82-699"
  }, {
    "name" : "thread",
    "value" : "3694-MainThread"
  }, {
    "name" : "framework",
    "value" : "pytest"
  }, {
    "name" : "language",
    "value" : "cpython3"
  }, {
    "name" : "package",
    "value" : "test.test_conduit_krf"
  }, {
    "name" : "resultFormat",
    "value" : "allure2"
  } ],
  "parameters" : [ ],
  "links" : [ ],
  "hidden" : false,
  "retry" : false,
  "extra" : {
    "severity" : "normal",
    "retries" : [ ],
    "categories" : [ {
      "name" : "Test defects",
      "matchedStatuses" : [ ],
      "flaky" : false
    } ],
    "tags" : [ ]
  },
  "source" : "d5b1ea34afb7b44a.json",
  "parameterValues" : [ ]
}